2018-10-12 14:30:28,538 INFO (StartupInfoLogger.java:50)- Starting Application on ITD-CXIAOFAN-L1 with PID 6476 (E:\workspaces\tcl\target\test-classes started by xiaofang.chen in E:\workspaces\tcl)
2018-10-12 14:30:28,566 INFO (SpringApplication.java:662)- No active profile set, falling back to default profiles: default
2018-10-12 14:39:38,515 INFO (StartupInfoLogger.java:50)- Starting Application on ITD-CXIAOFAN-L1 with PID 9592 (E:\workspaces\tcl\target\test-classes started by xiaofang.chen in E:\workspaces\tcl)
2018-10-12 14:39:38,523 INFO (SpringApplication.java:662)- No active profile set, falling back to default profiles: default
2018-10-12 14:39:45,606 INFO (StartupInfoLogger.java:59)- Started Application in 7.632 seconds (JVM running for 8.585)
2018-10-12 15:10:31,182 INFO (StartupInfoLogger.java:50)- Starting Application on ITD-CXIAOFAN-L1 with PID 7964 (E:\workspaces\tcl\target\test-classes started by xiaofang.chen in E:\workspaces\tcl)
2018-10-12 15:10:31,192 INFO (SpringApplication.java:662)- No active profile set, falling back to default profiles: default
2018-10-12 15:11:34,074 INFO (StartupInfoLogger.java:50)- Starting Application on ITD-CXIAOFAN-L1 with PID 11208 (E:\workspaces\tcl\target\test-classes started by xiaofang.chen in E:\workspaces\tcl)
2018-10-12 15:11:34,080 INFO (SpringApplication.java:662)- No active profile set, falling back to default profiles: default
2018-10-12 15:11:40,313 INFO (StartupInfoLogger.java:59)- Started Application in 8.443 seconds (JVM running for 9.383)
2018-10-12 16:32:18,908 INFO (StartupInfoLogger.java:50)- Starting Application on ITD-CXIAOFAN-L1 with PID 6112 (E:\workspaces\tcl\target\test-classes started by xiaofang.chen in E:\workspaces\tcl)
2018-10-12 16:32:18,942 INFO (SpringApplication.java:662)- No active profile set, falling back to default profiles: default
2018-10-12 16:32:26,561 INFO (StartupInfoLogger.java:59)- Started Application in 8.172 seconds (JVM running for 9.038)
2018-10-12 16:43:33,650 INFO (StartupInfoLogger.java:48)- Starting Application on ITD-CXIAOFAN-L1 with PID 4504 (E:\workspaces\tcl\target\test-classes started by xiaofang.chen in E:\workspaces\tcl)
2018-10-12 16:43:33,655 INFO (SpringApplication.java:593)- No active profile set, falling back to default profiles: default
2018-10-12 16:45:10,222 INFO (StartupInfoLogger.java:48)- Starting Application on ITD-CXIAOFAN-L1 with PID 8824 (E:\workspaces\tcl\target\test-classes started by xiaofang.chen in E:\workspaces\tcl)
2018-10-12 16:45:10,227 INFO (SpringApplication.java:593)- No active profile set, falling back to default profiles: default
2018-10-12 16:46:08,098 INFO (StartupInfoLogger.java:48)- Starting Application on ITD-CXIAOFAN-L1 with PID 9988 (E:\workspaces\tcl\target\test-classes started by xiaofang.chen in E:\workspaces\tcl)
2018-10-12 16:46:08,103 INFO (SpringApplication.java:593)- No active profile set, falling back to default profiles: default
2018-10-12 16:46:14,684 INFO (StartupInfoLogger.java:57)- Started Application in 7.082 seconds (JVM running for 7.907)
2018-10-12 16:48:44,350 INFO (StartupInfoLogger.java:48)- Starting Application on ITD-CXIAOFAN-L1 with PID 9988 (E:\workspaces\tcl\target\test-classes started by xiaofang.chen in E:\workspaces\tcl)
2018-10-12 16:48:44,350 INFO (SpringApplication.java:593)- No active profile set, falling back to default profiles: default
2018-10-12 16:51:44,081 INFO (StartupInfoLogger.java:48)- Starting Application on ITD-CXIAOFAN-L1 with PID 9988 (E:\workspaces\tcl\target\test-classes started by xiaofang.chen in E:\workspaces\tcl)
2018-10-12 16:51:44,081 INFO (SpringApplication.java:593)- No active profile set, falling back to default profiles: default
2018-10-12 16:52:24,201 INFO (StartupInfoLogger.java:48)- Starting DemoApplication on ITD-CXIAOFAN-L1 with PID 8116 (E:\workspaces\tcl\target\classes started by xiaofang.chen in E:\workspaces\tcl)
2018-10-12 16:52:24,206 INFO (SpringApplication.java:593)- No active profile set, falling back to default profiles: default
2018-10-12 16:53:50,591 INFO (StartupInfoLogger.java:48)- Starting DemoApplication on ITD-CXIAOFAN-L1 with PID 10328 (E:\workspaces\tcl\target\classes started by xiaofang.chen in E:\workspaces\tcl)
2018-10-12 16:53:50,595 INFO (SpringApplication.java:593)- No active profile set, falling back to default profiles: default
2018-10-12 17:36:42,265 INFO (StartupInfoLogger.java:48)- Starting DemoApplication on ITD-CXIAOFAN-L1 with PID 9908 (E:\workspaces\tcl\target\classes started by xiaofang.chen in E:\workspaces\tcl)
2018-10-12 17:36:42,294 INFO (SpringApplication.java:593)- No active profile set, falling back to default profiles: default
2018-10-12 17:43:23,428 INFO (StartupInfoLogger.java:48)- Starting Application on ITD-CXIAOFAN-L1 with PID 6256 (E:\workspaces\tcl\target\test-classes started by xiaofang.chen in E:\workspaces\tcl)
2018-10-12 17:43:23,441 INFO (SpringApplication.java:593)- No active profile set, falling back to default profiles: default
2018-10-12 17:44:00,016 INFO (StartupInfoLogger.java:48)- Starting Application on ITD-CXIAOFAN-L1 with PID 10500 (E:\workspaces\tcl\target\test-classes started by xiaofang.chen in E:\workspaces\tcl)
2018-10-12 17:44:00,021 INFO (SpringApplication.java:593)- No active profile set, falling back to default profiles: default
2018-10-12 17:44:06,771 INFO (StartupInfoLogger.java:57)- Started Application in 7.267 seconds (JVM running for 8.11)
2018-10-12 17:49:53,636 INFO (StartupInfoLogger.java:48)- Starting Application on ITD-CXIAOFAN-L1 with PID 7648 (E:\workspaces\tcl\target\test-classes started by xiaofang.chen in E:\workspaces\tcl)
2018-10-12 17:49:53,641 INFO (SpringApplication.java:593)- No active profile set, falling back to default profiles: default
2018-10-12 17:50:00,663 INFO (StartupInfoLogger.java:57)- Started Application in 7.529 seconds (JVM running for 8.358)
2018-10-12 17:50:35,397 INFO (StartupInfoLogger.java:48)- Starting Application on ITD-CXIAOFAN-L1 with PID 7648 (E:\workspaces\tcl\target\test-classes started by xiaofang.chen in E:\workspaces\tcl)
2018-10-12 17:50:35,398 INFO (SpringApplication.java:593)- No active profile set, falling back to default profiles: default
2018-10-12 17:53:25,768 INFO (StartupInfoLogger.java:48)- Starting Application on ITD-CXIAOFAN-L1 with PID 4608 (E:\workspaces\tcl\target\test-classes started by xiaofang.chen in E:\workspaces\tcl)
2018-10-12 17:53:25,778 INFO (SpringApplication.java:593)- No active profile set, falling back to default profiles: default
2018-10-12 17:54:13,646 INFO (StartupInfoLogger.java:48)- Starting Application on ITD-CXIAOFAN-L1 with PID 11256 (E:\workspaces\tcl\target\test-classes started by xiaofang.chen in E:\workspaces\tcl)
2018-10-12 17:54:13,651 INFO (SpringApplication.java:593)- No active profile set, falling back to default profiles: default
2018-10-12 17:54:20,581 INFO (StartupInfoLogger.java:57)- Started Application in 7.441 seconds (JVM running for 8.475)
2018-10-12 17:55:24,759 INFO (StartupInfoLogger.java:48)- Starting Application on ITD-CXIAOFAN-L1 with PID 11256 (E:\workspaces\tcl\target\test-classes started by xiaofang.chen in E:\workspaces\tcl)
2018-10-12 17:55:24,760 INFO (SpringApplication.java:593)- No active profile set, falling back to default profiles: default
2018-10-12 17:55:39,962 INFO (StartupInfoLogger.java:48)- Starting Application on ITD-CXIAOFAN-L1 with PID 8596 (E:\workspaces\tcl\target\test-classes started by xiaofang.chen in E:\workspaces\tcl)
2018-10-12 17:55:39,968 INFO (SpringApplication.java:593)- No active profile set, falling back to default profiles: default
2018-10-12 17:56:10,569 INFO (StartupInfoLogger.java:48)- Starting Application on ITD-CXIAOFAN-L1 with PID 9392 (E:\workspaces\tcl\target\test-classes started by xiaofang.chen in E:\workspaces\tcl)
2018-10-12 17:56:10,573 INFO (SpringApplication.java:593)- No active profile set, falling back to default profiles: default
2018-10-12 17:56:17,853 INFO (StartupInfoLogger.java:57)- Started Application in 7.749 seconds (JVM running for 8.646)
2018-10-12 17:58:31,968 INFO (StartupInfoLogger.java:48)- Starting Application on ITD-CXIAOFAN-L1 with PID 9392 (E:\workspaces\tcl\target\test-classes started by xiaofang.chen in E:\workspaces\tcl)
2018-10-12 17:58:31,969 INFO (SpringApplication.java:593)- No active profile set, falling back to default profiles: default
2018-10-12 17:58:33,483 INFO (StartupInfoLogger.java:57)- Started Application in 1.607 seconds (JVM running for 144.265)
2018-10-12 18:01:47,613 INFO (StartupInfoLogger.java:48)- Starting Application on ITD-CXIAOFAN-L1 with PID 8880 (E:\workspaces\tcl\target\test-classes started by xiaofang.chen in E:\workspaces\tcl)
2018-10-12 18:01:47,622 INFO (SpringApplication.java:593)- No active profile set, falling back to default profiles: default
2018-10-12 18:02:09,506 INFO (StartupInfoLogger.java:48)- Starting Application on ITD-CXIAOFAN-L1 with PID 10748 (E:\workspaces\tcl\target\test-classes started by xiaofang.chen in E:\workspaces\tcl)
2018-10-12 18:02:09,511 INFO (SpringApplication.java:593)- No active profile set, falling back to default profiles: default
2018-10-12 18:02:16,202 INFO (StartupInfoLogger.java:57)- Started Application in 7.162 seconds (JVM running for 8.143)
2018-10-12 18:02:45,805 INFO (StartupInfoLogger.java:48)- Starting Application on ITD-CXIAOFAN-L1 with PID 10812 (E:\workspaces\tcl\target\test-classes started by xiaofang.chen in E:\workspaces\tcl)
2018-10-12 18:02:45,810 INFO (SpringApplication.java:593)- No active profile set, falling back to default profiles: default
2018-10-12 18:03:09,600 INFO (StartupInfoLogger.java:48)- Starting Application on ITD-CXIAOFAN-L1 with PID 7660 (E:\workspaces\tcl\target\test-classes started by xiaofang.chen in E:\workspaces\tcl)
2018-10-12 18:03:09,605 INFO (SpringApplication.java:593)- No active profile set, falling back to default profiles: default
2018-10-12 18:03:17,886 INFO (StartupInfoLogger.java:57)- Started Application in 8.736 seconds (JVM running for 9.565)
2018-10-12 18:55:12,343 INFO (StartupInfoLogger.java:48)- Starting DemoApplication11 on ITD-CXIAOFAN-L1 with PID 6520 (E:\workspaces\tcl\target\classes started by xiaofang.chen in E:\workspaces\tcl)
2018-10-12 18:55:12,347 INFO (SpringApplication.java:593)- No active profile set, falling back to default profiles: default
2018-10-12 18:55:51,938 INFO (StartupInfoLogger.java:48)- Starting DemoApplication11 on ITD-CXIAOFAN-L1 with PID 11256 (E:\workspaces\tcl\target\classes started by xiaofang.chen in E:\workspaces\tcl)
2018-10-12 18:55:51,942 INFO (SpringApplication.java:593)- No active profile set, falling back to default profiles: default
2018-10-12 18:55:58,313 INFO (StartupInfoLogger.java:57)- Started DemoApplication11 in 6.768 seconds (JVM running for 7.553)
2018-10-12 19:10:24,903 INFO (StartupInfoLogger.java:48)- Starting DemoApplication on ITD-CXIAOFAN-L1 with PID 11172 (E:\workspaces\tcl\target\classes started by xiaofang.chen in E:\workspaces\tcl)
2018-10-12 19:10:24,907 INFO (SpringApplication.java:593)- No active profile set, falling back to default profiles: default
