2018-10-23 15:29:32,432 ERROR (RSAUtil.java:76)- 加解密过程中发生错误
java.io.FileNotFoundException: ..\TCLEbankIntegration\src\auge.cer (The system cannot find the file specified)
	at java.io.FileInputStream.open(Native Method)
	at java.io.FileInputStream.<init>(FileInputStream.java:138)
	at java.io.FileInputStream.<init>(FileInputStream.java:93)
	at com.tcl.jr.service.utils.rsautils.RSAUtil.getCertificate(RSAUtil.java:73)
	at com.tcl.jr.service.utils.rsautils.RSAUtil.getPublicKey(RSAUtil.java:65)
	at com.tcl.jr.service.utils.rsautils.RSAUtil.encryptByPublicKey(RSAUtil.java:129)
	at com.tcl.jr.service.utils.rsautils.EncryptionUtil.encryptData(EncryptionUtil.java:47)
	at com.tcl.jr.ebank.EbankErpDemo.exchange(EbankErpDemo.java:109)
	at com.tcl.jr.ebank.EbankErpDemo.eaiTest(EbankErpDemo.java:70)
	at com.tcl.jr.ebank.test$1.call(test.java:76)
	at com.tcl.jr.ebank.test$1.call(test.java:1)
	at java.util.concurrent.FutureTask.run(FutureTask.java:266)
	at java.util.concurrent.ThreadPoolExecutor.runWorker(ThreadPoolExecutor.java:1142)
	at java.util.concurrent.ThreadPoolExecutor$Worker.run(ThreadPoolExecutor.java:617)
	at java.lang.Thread.run(Thread.java:745)
2018-10-29 10:40:45,723 INFO (StartupInfoLogger.java:48)- Starting DemoApplication on d1-minghai-huan with PID 17776 (E:\Project_code\TCLEbankIntegration\target\classes started by minghai.huang in E:\Project_code\TCLEbankIntegration)
2018-10-29 10:40:45,723 INFO (SpringApplication.java:593)- No active profile set, falling back to default profiles: default
2018-10-29 10:42:41,770 INFO (StartupInfoLogger.java:48)- Starting DemoApplication on d1-minghai-huan with PID 1988 (E:\Project_code\TCLEbankIntegration\target\classes started by minghai.huang in E:\Project_code\TCLEbankIntegration)
2018-10-29 10:42:41,770 INFO (SpringApplication.java:593)- No active profile set, falling back to default profiles: default
2018-10-29 10:47:11,063 INFO (StartupInfoLogger.java:48)- Starting DemoApplication on d1-minghai-huan with PID 2904 (E:\Project_code\TCLEbankIntegration\target\classes started by minghai.huang in E:\Project_code\TCLEbankIntegration)
2018-10-29 10:47:11,079 INFO (SpringApplication.java:593)- No active profile set, falling back to default profiles: default
2018-10-29 11:01:27,289 INFO (StartupInfoLogger.java:48)- Starting EncryptionSystemApplicationTests on d1-minghai-huan with PID 720 (started by minghai.huang in E:\Project_code\TCLEbankIntegration)
2018-10-29 11:01:27,289 INFO (SpringApplication.java:593)- No active profile set, falling back to default profiles: default
2018-10-29 11:36:38,231 INFO (StartupInfoLogger.java:48)- Starting EncryptionSystemApplication on d1-minghai-huan with PID 22388 (E:\Project_code\TCLEbankIntegration\target\classes started by minghai.huang in E:\Project_code\TCLEbankIntegration)
2018-10-29 11:36:38,231 INFO (SpringApplication.java:593)- No active profile set, falling back to default profiles: default
